2017-07-11 14:50:50 [::1][-][-][error][ParseError] ParseError: syntax error, unexpected 'public' (T_PUBLIC), expecting end of file in C:\Users\Danya B\Documents\GitHub\TENTREP-Foodago\Application\foodago\frontend\controllers\SiteController.php:220
Stack trace:
#0 [internal function]: yii\BaseYii::autoload('frontend\\contro...')
#1 [internal function]: spl_autoload_call('frontend\\contro...')
#2 C:\Users\Danya B\Documents\GitHub\TENTREP-Foodago\Application\foodago\vendor\yiisoft\yii2\base\Module.php(562): class_exists('frontend\\contro...')
#3 C:\Users\Danya B\Documents\GitHub\TENTREP-Foodago\Application\foodago\vendor\yiisoft\yii2\base\Module.php(520): yii\base\Module->createControllerByID('site')
#4 C:\Users\Danya B\Documents\GitHub\TENTREP-Foodago\Application\foodago\vendor\yiisoft\yii2\base\Module.php(448): yii\base\Module->createController('')
#5 C:\Users\Danya B\Documents\GitHub\TENTREP-Foodago\Application\foodago\vendor\yiisoft\yii2\web\Application.php(84): yii\base\Module->runAction('', Array)
#6 C:\Users\Danya B\Documents\GitHub\TENTREP-Foodago\Application\foodago\vendor\yiisoft\yii2\base\Application.php(375): yii\web\Application->handleRequest(Object(yii\web\Request))
#7 C:\Users\Danya B\Documents\GitHub\TENTREP-Foodago\Application\foodago\frontend\web\index.php(18): yii\base\Application->run()
#8 {main}
2017-07-11 14:50:50 [::1][-][-][info][application] $_COOKIE = [
    'PHPSESSID' => 'cpro4bb1uv04mafnbvgsr6nbmo'
    '_csrf' => '7aed89ec1257614318f99b93c0239f3fc3bbe7d7f8eecf76268f456fdb384d0ca:2:{i:0;s:5:\"_csrf\";i:1;s:32:\"s4ivL3WEbDxWvg4x8oGHQMqRQqXnLFzK\";}'
]

$_SERVER = [
    'MIBDIRS' => 'C:/xampp/php/extras/mibs'
    'MYSQL_HOME' => '\\xampp\\mysql\\bin'
    'OPENSSL_CONF' => 'C:/xampp/apache/bin/openssl.cnf'
    'PHP_PEAR_SYSCONF_DIR' => '\\xampp\\php'
    'PHPRC' => '\\xampp\\php'
    'TMP' => '\\xampp\\tmp'
    'HTTP_HOST' => 'localhost'
    'HTTP_CONNECTION' => 'keep-alive'
    'HTTP_CACHE_CONTROL' => 'max-age=0'
    'HTTP_UPGRADE_INSECURE_REQUESTS' => '1'
    'HTTP_USER_AGENT' => 'Mozilla/5.0 (Windows NT 6.3; Win64; x64) AppleWebKit/537.36 (KHTML, like Gecko) Chrome/59.0.3071.115 Safari/537.36'
    'HTTP_ACCEPT' => 'text/html,application/xhtml+xml,application/xml;q=0.9,image/webp,image/apng,*/*;q=0.8'
    'HTTP_ACCEPT_ENCODING' => 'gzip, deflate, br'
    'HTTP_ACCEPT_LANGUAGE' => 'en-US,en;q=0.8'
    'HTTP_COOKIE' => 'PHPSESSID=cpro4bb1uv04mafnbvgsr6nbmo; _csrf=7aed89ec1257614318f99b93c0239f3fc3bbe7d7f8eecf76268f456fdb384d0ca%3A2%3A%7Bi%3A0%3Bs%3A5%3A%22_csrf%22%3Bi%3A1%3Bs%3A32%3A%22s4ivL3WEbDxWvg4x8oGHQMqRQqXnLFzK%22%3B%7D'
    'PATH' => 'C:\\Program Files (x86)\\Intel\\iCLS Client\\;C:\\Program Files\\Intel\\iCLS Client\\;C:\\WINDOWS\\system32;C:\\WINDOWS;C:\\WINDOWS\\System32\\Wbem;C:\\WINDOWS\\System32\\WindowsPowerShell\\v1.0\\;C:\\Program Files\\Intel\\Intel(R) Management Engine Components\\DAL;C:\\Program Files\\Intel\\Intel(R) Management Engine Components\\IPT;C:\\Program Files (x86)\\Intel\\Intel(R) Management Engine Components\\DAL;C:\\Program Files (x86)\\Intel\\Intel(R) Management Engine Components\\IPT;C:\\Program Files\\Intel\\WiFi\\bin\\;C:\\Program Files\\Common Files\\Intel\\WirelessCommon\\;C:\\xampp\\php;C:\\ProgramData\\ComposerSetup\\bin;C:\\Users\\Danya B\\AppData\\Roaming\\Composer\\vendor\\bin'
    'SystemRoot' => 'C:\\WINDOWS'
    'COMSPEC' => 'C:\\WINDOWS\\system32\\cmd.exe'
    'PATHEXT' => '.COM;.EXE;.BAT;.CMD;.VBS;.VBE;.JS;.JSE;.WSF;.WSH;.MSC'
    'WINDIR' => 'C:\\WINDOWS'
    'SERVER_SIGNATURE' => '<address>Apache/2.4.25 (Win32) OpenSSL/1.0.2j PHP/7.1.4 Server at localhost Port 80</address>
'
    'SERVER_SOFTWARE' => 'Apache/2.4.25 (Win32) OpenSSL/1.0.2j PHP/7.1.4'
    'SERVER_NAME' => 'localhost'
    'SERVER_ADDR' => '::1'
    'SERVER_PORT' => '80'
    'REMOTE_ADDR' => '::1'
    'DOCUMENT_ROOT' => 'C:/xampp/htdocs'
    'REQUEST_SCHEME' => 'http'
    'CONTEXT_PREFIX' => ''
    'CONTEXT_DOCUMENT_ROOT' => 'C:/xampp/htdocs'
    'SERVER_ADMIN' => 'postmaster@localhost'
    'SCRIPT_FILENAME' => 'C:/xampp/htdocs/foodago/frontend/web/index.php'
    'REMOTE_PORT' => '50535'
    'GATEWAY_INTERFACE' => 'CGI/1.1'
    'SERVER_PROTOCOL' => 'HTTP/1.1'
    'REQUEST_METHOD' => 'GET'
    'QUERY_STRING' => ''
    'REQUEST_URI' => '/foodago/frontend/web/'
    'SCRIPT_NAME' => '/foodago/frontend/web/index.php'
    'PHP_SELF' => '/foodago/frontend/web/index.php'
    'REQUEST_TIME_FLOAT' => 1499777450.152
    'REQUEST_TIME' => 1499777450
]
2017-07-11 14:51:34 [::1][-][-][error][ParseError] ParseError: syntax error, unexpected 'public' (T_PUBLIC), expecting end of file in C:\Users\Danya B\Documents\GitHub\TENTREP-Foodago\Application\foodago\frontend\controllers\SiteController.php:220
Stack trace:
#0 [internal function]: yii\BaseYii::autoload('frontend\\contro...')
#1 [internal function]: spl_autoload_call('frontend\\contro...')
#2 C:\Users\Danya B\Documents\GitHub\TENTREP-Foodago\Application\foodago\vendor\yiisoft\yii2\base\Module.php(562): class_exists('frontend\\contro...')
#3 C:\Users\Danya B\Documents\GitHub\TENTREP-Foodago\Application\foodago\vendor\yiisoft\yii2\base\Module.php(520): yii\base\Module->createControllerByID('site')
#4 C:\Users\Danya B\Documents\GitHub\TENTREP-Foodago\Application\foodago\vendor\yiisoft\yii2\base\Module.php(448): yii\base\Module->createController('')
#5 C:\Users\Danya B\Documents\GitHub\TENTREP-Foodago\Application\foodago\vendor\yiisoft\yii2\web\Application.php(84): yii\base\Module->runAction('', Array)
#6 C:\Users\Danya B\Documents\GitHub\TENTREP-Foodago\Application\foodago\vendor\yiisoft\yii2\base\Application.php(375): yii\web\Application->handleRequest(Object(yii\web\Request))
#7 C:\Users\Danya B\Documents\GitHub\TENTREP-Foodago\Application\foodago\frontend\web\index.php(18): yii\base\Application->run()
#8 {main}
2017-07-11 14:51:34 [::1][-][-][info][application] $_COOKIE = [
    'PHPSESSID' => 'cpro4bb1uv04mafnbvgsr6nbmo'
    '_csrf' => '7aed89ec1257614318f99b93c0239f3fc3bbe7d7f8eecf76268f456fdb384d0ca:2:{i:0;s:5:\"_csrf\";i:1;s:32:\"s4ivL3WEbDxWvg4x8oGHQMqRQqXnLFzK\";}'
]

$_SERVER = [
    'MIBDIRS' => 'C:/xampp/php/extras/mibs'
    'MYSQL_HOME' => '\\xampp\\mysql\\bin'
    'OPENSSL_CONF' => 'C:/xampp/apache/bin/openssl.cnf'
    'PHP_PEAR_SYSCONF_DIR' => '\\xampp\\php'
    'PHPRC' => '\\xampp\\php'
    'TMP' => '\\xampp\\tmp'
    'HTTP_HOST' => 'localhost'
    'HTTP_CONNECTION' => 'keep-alive'
    'HTTP_CACHE_CONTROL' => 'max-age=0'
    'HTTP_UPGRADE_INSECURE_REQUESTS' => '1'
    'HTTP_USER_AGENT' => 'Mozilla/5.0 (Windows NT 6.3; Win64; x64) AppleWebKit/537.36 (KHTML, like Gecko) Chrome/59.0.3071.115 Safari/537.36'
    'HTTP_ACCEPT' => 'text/html,application/xhtml+xml,application/xml;q=0.9,image/webp,image/apng,*/*;q=0.8'
    'HTTP_ACCEPT_ENCODING' => 'gzip, deflate, br'
    'HTTP_ACCEPT_LANGUAGE' => 'en-US,en;q=0.8'
    'HTTP_COOKIE' => 'PHPSESSID=cpro4bb1uv04mafnbvgsr6nbmo; _csrf=7aed89ec1257614318f99b93c0239f3fc3bbe7d7f8eecf76268f456fdb384d0ca%3A2%3A%7Bi%3A0%3Bs%3A5%3A%22_csrf%22%3Bi%3A1%3Bs%3A32%3A%22s4ivL3WEbDxWvg4x8oGHQMqRQqXnLFzK%22%3B%7D'
    'PATH' => 'C:\\Program Files (x86)\\Intel\\iCLS Client\\;C:\\Program Files\\Intel\\iCLS Client\\;C:\\WINDOWS\\system32;C:\\WINDOWS;C:\\WINDOWS\\System32\\Wbem;C:\\WINDOWS\\System32\\WindowsPowerShell\\v1.0\\;C:\\Program Files\\Intel\\Intel(R) Management Engine Components\\DAL;C:\\Program Files\\Intel\\Intel(R) Management Engine Components\\IPT;C:\\Program Files (x86)\\Intel\\Intel(R) Management Engine Components\\DAL;C:\\Program Files (x86)\\Intel\\Intel(R) Management Engine Components\\IPT;C:\\Program Files\\Intel\\WiFi\\bin\\;C:\\Program Files\\Common Files\\Intel\\WirelessCommon\\;C:\\xampp\\php;C:\\ProgramData\\ComposerSetup\\bin;C:\\Users\\Danya B\\AppData\\Roaming\\Composer\\vendor\\bin'
    'SystemRoot' => 'C:\\WINDOWS'
    'COMSPEC' => 'C:\\WINDOWS\\system32\\cmd.exe'
    'PATHEXT' => '.COM;.EXE;.BAT;.CMD;.VBS;.VBE;.JS;.JSE;.WSF;.WSH;.MSC'
    'WINDIR' => 'C:\\WINDOWS'
    'SERVER_SIGNATURE' => '<address>Apache/2.4.25 (Win32) OpenSSL/1.0.2j PHP/7.1.4 Server at localhost Port 80</address>
'
    'SERVER_SOFTWARE' => 'Apache/2.4.25 (Win32) OpenSSL/1.0.2j PHP/7.1.4'
    'SERVER_NAME' => 'localhost'
    'SERVER_ADDR' => '::1'
    'SERVER_PORT' => '80'
    'REMOTE_ADDR' => '::1'
    'DOCUMENT_ROOT' => 'C:/xampp/htdocs'
    'REQUEST_SCHEME' => 'http'
    'CONTEXT_PREFIX' => ''
    'CONTEXT_DOCUMENT_ROOT' => 'C:/xampp/htdocs'
    'SERVER_ADMIN' => 'postmaster@localhost'
    'SCRIPT_FILENAME' => 'C:/xampp/htdocs/foodago/frontend/web/index.php'
    'REMOTE_PORT' => '50550'
    'GATEWAY_INTERFACE' => 'CGI/1.1'
    'SERVER_PROTOCOL' => 'HTTP/1.1'
    'REQUEST_METHOD' => 'GET'
    'QUERY_STRING' => ''
    'REQUEST_URI' => '/foodago/frontend/web/'
    'SCRIPT_NAME' => '/foodago/frontend/web/index.php'
    'PHP_SELF' => '/foodago/frontend/web/index.php'
    'REQUEST_TIME_FLOAT' => 1499777494.236
    'REQUEST_TIME' => 1499777494
]
2017-07-11 14:52:00 [::1][-][-][error][ParseError] ParseError: syntax error, unexpected 'public' (T_PUBLIC), expecting end of file in C:\Users\Danya B\Documents\GitHub\TENTREP-Foodago\Application\foodago\frontend\controllers\SiteController.php:220
Stack trace:
#0 [internal function]: yii\BaseYii::autoload('frontend\\contro...')
#1 [internal function]: spl_autoload_call('frontend\\contro...')
#2 C:\Users\Danya B\Documents\GitHub\TENTREP-Foodago\Application\foodago\vendor\yiisoft\yii2\base\Module.php(562): class_exists('frontend\\contro...')
#3 C:\Users\Danya B\Documents\GitHub\TENTREP-Foodago\Application\foodago\vendor\yiisoft\yii2\base\Module.php(520): yii\base\Module->createControllerByID('site')
#4 C:\Users\Danya B\Documents\GitHub\TENTREP-Foodago\Application\foodago\vendor\yiisoft\yii2\base\Module.php(448): yii\base\Module->createController('')
#5 C:\Users\Danya B\Documents\GitHub\TENTREP-Foodago\Application\foodago\vendor\yiisoft\yii2\web\Application.php(84): yii\base\Module->runAction('', Array)
#6 C:\Users\Danya B\Documents\GitHub\TENTREP-Foodago\Application\foodago\vendor\yiisoft\yii2\base\Application.php(375): yii\web\Application->handleRequest(Object(yii\web\Request))
#7 C:\Users\Danya B\Documents\GitHub\TENTREP-Foodago\Application\foodago\frontend\web\index.php(18): yii\base\Application->run()
#8 {main}
2017-07-11 14:52:00 [::1][-][-][info][application] $_COOKIE = [
    'PHPSESSID' => 'cpro4bb1uv04mafnbvgsr6nbmo'
    '_csrf' => '7aed89ec1257614318f99b93c0239f3fc3bbe7d7f8eecf76268f456fdb384d0ca:2:{i:0;s:5:\"_csrf\";i:1;s:32:\"s4ivL3WEbDxWvg4x8oGHQMqRQqXnLFzK\";}'
]

$_SERVER = [
    'MIBDIRS' => 'C:/xampp/php/extras/mibs'
    'MYSQL_HOME' => '\\xampp\\mysql\\bin'
    'OPENSSL_CONF' => 'C:/xampp/apache/bin/openssl.cnf'
    'PHP_PEAR_SYSCONF_DIR' => '\\xampp\\php'
    'PHPRC' => '\\xampp\\php'
    'TMP' => '\\xampp\\tmp'
    'HTTP_HOST' => 'localhost'
    'HTTP_CONNECTION' => 'keep-alive'
    'HTTP_CACHE_CONTROL' => 'max-age=0'
    'HTTP_UPGRADE_INSECURE_REQUESTS' => '1'
    'HTTP_USER_AGENT' => 'Mozilla/5.0 (Windows NT 6.3; Win64; x64) AppleWebKit/537.36 (KHTML, like Gecko) Chrome/59.0.3071.115 Safari/537.36'
    'HTTP_ACCEPT' => 'text/html,application/xhtml+xml,application/xml;q=0.9,image/webp,image/apng,*/*;q=0.8'
    'HTTP_ACCEPT_ENCODING' => 'gzip, deflate, br'
    'HTTP_ACCEPT_LANGUAGE' => 'en-US,en;q=0.8'
    'HTTP_COOKIE' => 'PHPSESSID=cpro4bb1uv04mafnbvgsr6nbmo; _csrf=7aed89ec1257614318f99b93c0239f3fc3bbe7d7f8eecf76268f456fdb384d0ca%3A2%3A%7Bi%3A0%3Bs%3A5%3A%22_csrf%22%3Bi%3A1%3Bs%3A32%3A%22s4ivL3WEbDxWvg4x8oGHQMqRQqXnLFzK%22%3B%7D'
    'PATH' => 'C:\\Program Files (x86)\\Intel\\iCLS Client\\;C:\\Program Files\\Intel\\iCLS Client\\;C:\\WINDOWS\\system32;C:\\WINDOWS;C:\\WINDOWS\\System32\\Wbem;C:\\WINDOWS\\System32\\WindowsPowerShell\\v1.0\\;C:\\Program Files\\Intel\\Intel(R) Management Engine Components\\DAL;C:\\Program Files\\Intel\\Intel(R) Management Engine Components\\IPT;C:\\Program Files (x86)\\Intel\\Intel(R) Management Engine Components\\DAL;C:\\Program Files (x86)\\Intel\\Intel(R) Management Engine Components\\IPT;C:\\Program Files\\Intel\\WiFi\\bin\\;C:\\Program Files\\Common Files\\Intel\\WirelessCommon\\;C:\\xampp\\php;C:\\ProgramData\\ComposerSetup\\bin;C:\\Users\\Danya B\\AppData\\Roaming\\Composer\\vendor\\bin'
    'SystemRoot' => 'C:\\WINDOWS'
    'COMSPEC' => 'C:\\WINDOWS\\system32\\cmd.exe'
    'PATHEXT' => '.COM;.EXE;.BAT;.CMD;.VBS;.VBE;.JS;.JSE;.WSF;.WSH;.MSC'
    'WINDIR' => 'C:\\WINDOWS'
    'SERVER_SIGNATURE' => '<address>Apache/2.4.25 (Win32) OpenSSL/1.0.2j PHP/7.1.4 Server at localhost Port 80</address>
'
    'SERVER_SOFTWARE' => 'Apache/2.4.25 (Win32) OpenSSL/1.0.2j PHP/7.1.4'
    'SERVER_NAME' => 'localhost'
    'SERVER_ADDR' => '::1'
    'SERVER_PORT' => '80'
    'REMOTE_ADDR' => '::1'
    'DOCUMENT_ROOT' => 'C:/xampp/htdocs'
    'REQUEST_SCHEME' => 'http'
    'CONTEXT_PREFIX' => ''
    'CONTEXT_DOCUMENT_ROOT' => 'C:/xampp/htdocs'
    'SERVER_ADMIN' => 'postmaster@localhost'
    'SCRIPT_FILENAME' => 'C:/xampp/htdocs/foodago/frontend/web/index.php'
    'REMOTE_PORT' => '50563'
    'GATEWAY_INTERFACE' => 'CGI/1.1'
    'SERVER_PROTOCOL' => 'HTTP/1.1'
    'REQUEST_METHOD' => 'GET'
    'QUERY_STRING' => ''
    'REQUEST_URI' => '/foodago/frontend/web/'
    'SCRIPT_NAME' => '/foodago/frontend/web/index.php'
    'PHP_SELF' => '/foodago/frontend/web/index.php'
    'REQUEST_TIME_FLOAT' => 1499777520.081
    'REQUEST_TIME' => 1499777520
]
2017-07-11 14:53:07 [::1][-][cpro4bb1uv04mafnbvgsr6nbmo][error][yii\web\HttpException:404] yii\base\InvalidRouteException: Unable to resolve the request: site/trackorder in C:\Users\Danya B\Documents\GitHub\TENTREP-Foodago\Application\foodago\vendor\yiisoft\yii2\base\Controller.php:125
Stack trace:
#0 C:\Users\Danya B\Documents\GitHub\TENTREP-Foodago\Application\foodago\vendor\yiisoft\yii2\base\Module.php(454): yii\base\Controller->runAction('trackorder', Array)
#1 C:\Users\Danya B\Documents\GitHub\TENTREP-Foodago\Application\foodago\vendor\yiisoft\yii2\web\Application.php(84): yii\base\Module->runAction('site/trackorder', Array)
#2 C:\Users\Danya B\Documents\GitHub\TENTREP-Foodago\Application\foodago\vendor\yiisoft\yii2\base\Application.php(375): yii\web\Application->handleRequest(Object(yii\web\Request))
#3 C:\Users\Danya B\Documents\GitHub\TENTREP-Foodago\Application\foodago\frontend\web\index.php(18): yii\base\Application->run()
#4 {main}

Next yii\web\NotFoundHttpException: Page not found. in C:\Users\Danya B\Documents\GitHub\TENTREP-Foodago\Application\foodago\vendor\yiisoft\yii2\web\Application.php:96
Stack trace:
#0 C:\Users\Danya B\Documents\GitHub\TENTREP-Foodago\Application\foodago\vendor\yiisoft\yii2\base\Application.php(375): yii\web\Application->handleRequest(Object(yii\web\Request))
#1 C:\Users\Danya B\Documents\GitHub\TENTREP-Foodago\Application\foodago\frontend\web\index.php(18): yii\base\Application->run()
#2 {main}
2017-07-11 14:53:07 [::1][-][cpro4bb1uv04mafnbvgsr6nbmo][info][application] $_GET = [
    'r' => 'site/trackorder'
]

$_COOKIE = [
    'PHPSESSID' => 'cpro4bb1uv04mafnbvgsr6nbmo'
    '_csrf' => '7aed89ec1257614318f99b93c0239f3fc3bbe7d7f8eecf76268f456fdb384d0ca:2:{i:0;s:5:\"_csrf\";i:1;s:32:\"s4ivL3WEbDxWvg4x8oGHQMqRQqXnLFzK\";}'
]

$_SESSION = [
    '__flash' => []
]

$_SERVER = [
    'MIBDIRS' => 'C:/xampp/php/extras/mibs'
    'MYSQL_HOME' => '\\xampp\\mysql\\bin'
    'OPENSSL_CONF' => 'C:/xampp/apache/bin/openssl.cnf'
    'PHP_PEAR_SYSCONF_DIR' => '\\xampp\\php'
    'PHPRC' => '\\xampp\\php'
    'TMP' => '\\xampp\\tmp'
    'HTTP_HOST' => 'localhost'
    'HTTP_CONNECTION' => 'keep-alive'
    'HTTP_UPGRADE_INSECURE_REQUESTS' => '1'
    'HTTP_USER_AGENT' => 'Mozilla/5.0 (Windows NT 6.3; Win64; x64) AppleWebKit/537.36 (KHTML, like Gecko) Chrome/59.0.3071.115 Safari/537.36'
    'HTTP_ACCEPT' => 'text/html,application/xhtml+xml,application/xml;q=0.9,image/webp,image/apng,*/*;q=0.8'
    'HTTP_REFERER' => 'http://localhost/foodago/frontend/web/'
    'HTTP_ACCEPT_ENCODING' => 'gzip, deflate, br'
    'HTTP_ACCEPT_LANGUAGE' => 'en-US,en;q=0.8'
    'HTTP_COOKIE' => 'PHPSESSID=cpro4bb1uv04mafnbvgsr6nbmo; _csrf=7aed89ec1257614318f99b93c0239f3fc3bbe7d7f8eecf76268f456fdb384d0ca%3A2%3A%7Bi%3A0%3Bs%3A5%3A%22_csrf%22%3Bi%3A1%3Bs%3A32%3A%22s4ivL3WEbDxWvg4x8oGHQMqRQqXnLFzK%22%3B%7D'
    'PATH' => 'C:\\Program Files (x86)\\Intel\\iCLS Client\\;C:\\Program Files\\Intel\\iCLS Client\\;C:\\WINDOWS\\system32;C:\\WINDOWS;C:\\WINDOWS\\System32\\Wbem;C:\\WINDOWS\\System32\\WindowsPowerShell\\v1.0\\;C:\\Program Files\\Intel\\Intel(R) Management Engine Components\\DAL;C:\\Program Files\\Intel\\Intel(R) Management Engine Components\\IPT;C:\\Program Files (x86)\\Intel\\Intel(R) Management Engine Components\\DAL;C:\\Program Files (x86)\\Intel\\Intel(R) Management Engine Components\\IPT;C:\\Program Files\\Intel\\WiFi\\bin\\;C:\\Program Files\\Common Files\\Intel\\WirelessCommon\\;C:\\xampp\\php;C:\\ProgramData\\ComposerSetup\\bin;C:\\Users\\Danya B\\AppData\\Roaming\\Composer\\vendor\\bin'
    'SystemRoot' => 'C:\\WINDOWS'
    'COMSPEC' => 'C:\\WINDOWS\\system32\\cmd.exe'
    'PATHEXT' => '.COM;.EXE;.BAT;.CMD;.VBS;.VBE;.JS;.JSE;.WSF;.WSH;.MSC'
    'WINDIR' => 'C:\\WINDOWS'
    'SERVER_SIGNATURE' => '<address>Apache/2.4.25 (Win32) OpenSSL/1.0.2j PHP/7.1.4 Server at localhost Port 80</address>
'
    'SERVER_SOFTWARE' => 'Apache/2.4.25 (Win32) OpenSSL/1.0.2j PHP/7.1.4'
    'SERVER_NAME' => 'localhost'
    'SERVER_ADDR' => '::1'
    'SERVER_PORT' => '80'
    'REMOTE_ADDR' => '::1'
    'DOCUMENT_ROOT' => 'C:/xampp/htdocs'
    'REQUEST_SCHEME' => 'http'
    'CONTEXT_PREFIX' => ''
    'CONTEXT_DOCUMENT_ROOT' => 'C:/xampp/htdocs'
    'SERVER_ADMIN' => 'postmaster@localhost'
    'SCRIPT_FILENAME' => 'C:/xampp/htdocs/foodago/frontend/web/index.php'
    'REMOTE_PORT' => '50577'
    'GATEWAY_INTERFACE' => 'CGI/1.1'
    'SERVER_PROTOCOL' => 'HTTP/1.1'
    'REQUEST_METHOD' => 'GET'
    'QUERY_STRING' => 'r=site%2Ftrackorder'
    'REQUEST_URI' => '/foodago/frontend/web/index.php?r=site%2Ftrackorder'
    'SCRIPT_NAME' => '/foodago/frontend/web/index.php'
    'PHP_SELF' => '/foodago/frontend/web/index.php'
    'REQUEST_TIME_FLOAT' => 1499777587.568
    'REQUEST_TIME' => 1499777587
]
2017-07-11 15:02:52 [::1][-][cpro4bb1uv04mafnbvgsr6nbmo][error][yii\web\HttpException:404] yii\base\InvalidRouteException: Unable to resolve the request: site/trackorder in C:\Users\Danya B\Documents\GitHub\TENTREP-Foodago\Application\foodago\vendor\yiisoft\yii2\base\Controller.php:125
Stack trace:
#0 C:\Users\Danya B\Documents\GitHub\TENTREP-Foodago\Application\foodago\vendor\yiisoft\yii2\base\Module.php(454): yii\base\Controller->runAction('trackorder', Array)
#1 C:\Users\Danya B\Documents\GitHub\TENTREP-Foodago\Application\foodago\vendor\yiisoft\yii2\web\Application.php(84): yii\base\Module->runAction('site/trackorder', Array)
#2 C:\Users\Danya B\Documents\GitHub\TENTREP-Foodago\Application\foodago\vendor\yiisoft\yii2\base\Application.php(375): yii\web\Application->handleRequest(Object(yii\web\Request))
#3 C:\Users\Danya B\Documents\GitHub\TENTREP-Foodago\Application\foodago\frontend\web\index.php(18): yii\base\Application->run()
#4 {main}

Next yii\web\NotFoundHttpException: Page not found. in C:\Users\Danya B\Documents\GitHub\TENTREP-Foodago\Application\foodago\vendor\yiisoft\yii2\web\Application.php:96
Stack trace:
#0 C:\Users\Danya B\Documents\GitHub\TENTREP-Foodago\Application\foodago\vendor\yiisoft\yii2\base\Application.php(375): yii\web\Application->handleRequest(Object(yii\web\Request))
#1 C:\Users\Danya B\Documents\GitHub\TENTREP-Foodago\Application\foodago\frontend\web\index.php(18): yii\base\Application->run()
#2 {main}
2017-07-11 15:02:52 [::1][-][cpro4bb1uv04mafnbvgsr6nbmo][info][application] $_GET = [
    'r' => 'site/trackorder'
]

$_COOKIE = [
    'PHPSESSID' => 'cpro4bb1uv04mafnbvgsr6nbmo'
    '_csrf' => '7aed89ec1257614318f99b93c0239f3fc3bbe7d7f8eecf76268f456fdb384d0ca:2:{i:0;s:5:\"_csrf\";i:1;s:32:\"s4ivL3WEbDxWvg4x8oGHQMqRQqXnLFzK\";}'
]

$_SESSION = [
    '__flash' => []
]

$_SERVER = [
    'MIBDIRS' => 'C:/xampp/php/extras/mibs'
    'MYSQL_HOME' => '\\xampp\\mysql\\bin'
    'OPENSSL_CONF' => 'C:/xampp/apache/bin/openssl.cnf'
    'PHP_PEAR_SYSCONF_DIR' => '\\xampp\\php'
    'PHPRC' => '\\xampp\\php'
    'TMP' => '\\xampp\\tmp'
    'HTTP_HOST' => 'localhost'
    'HTTP_CONNECTION' => 'keep-alive'
    'HTTP_UPGRADE_INSECURE_REQUESTS' => '1'
    'HTTP_USER_AGENT' => 'Mozilla/5.0 (Windows NT 6.3; Win64; x64) AppleWebKit/537.36 (KHTML, like Gecko) Chrome/59.0.3071.115 Safari/537.36'
    'HTTP_ACCEPT' => 'text/html,application/xhtml+xml,application/xml;q=0.9,image/webp,image/apng,*/*;q=0.8'
    'HTTP_REFERER' => 'http://localhost/foodago/frontend/web/index.php?r=site%2Findex'
    'HTTP_ACCEPT_ENCODING' => 'gzip, deflate, br'
    'HTTP_ACCEPT_LANGUAGE' => 'en-US,en;q=0.8'
    'HTTP_COOKIE' => 'PHPSESSID=cpro4bb1uv04mafnbvgsr6nbmo; _csrf=7aed89ec1257614318f99b93c0239f3fc3bbe7d7f8eecf76268f456fdb384d0ca%3A2%3A%7Bi%3A0%3Bs%3A5%3A%22_csrf%22%3Bi%3A1%3Bs%3A32%3A%22s4ivL3WEbDxWvg4x8oGHQMqRQqXnLFzK%22%3B%7D'
    'PATH' => 'C:\\Program Files (x86)\\Intel\\iCLS Client\\;C:\\Program Files\\Intel\\iCLS Client\\;C:\\WINDOWS\\system32;C:\\WINDOWS;C:\\WINDOWS\\System32\\Wbem;C:\\WINDOWS\\System32\\WindowsPowerShell\\v1.0\\;C:\\Program Files\\Intel\\Intel(R) Management Engine Components\\DAL;C:\\Program Files\\Intel\\Intel(R) Management Engine Components\\IPT;C:\\Program Files (x86)\\Intel\\Intel(R) Management Engine Components\\DAL;C:\\Program Files (x86)\\Intel\\Intel(R) Management Engine Components\\IPT;C:\\Program Files\\Intel\\WiFi\\bin\\;C:\\Program Files\\Common Files\\Intel\\WirelessCommon\\;C:\\xampp\\php;C:\\ProgramData\\ComposerSetup\\bin;C:\\Users\\Danya B\\AppData\\Roaming\\Composer\\vendor\\bin'
    'SystemRoot' => 'C:\\WINDOWS'
    'COMSPEC' => 'C:\\WINDOWS\\system32\\cmd.exe'
    'PATHEXT' => '.COM;.EXE;.BAT;.CMD;.VBS;.VBE;.JS;.JSE;.WSF;.WSH;.MSC'
    'WINDIR' => 'C:\\WINDOWS'
    'SERVER_SIGNATURE' => '<address>Apache/2.4.25 (Win32) OpenSSL/1.0.2j PHP/7.1.4 Server at localhost Port 80</address>
'
    'SERVER_SOFTWARE' => 'Apache/2.4.25 (Win32) OpenSSL/1.0.2j PHP/7.1.4'
    'SERVER_NAME' => 'localhost'
    'SERVER_ADDR' => '::1'
    'SERVER_PORT' => '80'
    'REMOTE_ADDR' => '::1'
    'DOCUMENT_ROOT' => 'C:/xampp/htdocs'
    'REQUEST_SCHEME' => 'http'
    'CONTEXT_PREFIX' => ''
    'CONTEXT_DOCUMENT_ROOT' => 'C:/xampp/htdocs'
    'SERVER_ADMIN' => 'postmaster@localhost'
    'SCRIPT_FILENAME' => 'C:/xampp/htdocs/foodago/frontend/web/index.php'
    'REMOTE_PORT' => '50967'
    'GATEWAY_INTERFACE' => 'CGI/1.1'
    'SERVER_PROTOCOL' => 'HTTP/1.1'
    'REQUEST_METHOD' => 'GET'
    'QUERY_STRING' => 'r=site%2Ftrackorder'
    'REQUEST_URI' => '/foodago/frontend/web/index.php?r=site%2Ftrackorder'
    'SCRIPT_NAME' => '/foodago/frontend/web/index.php'
    'PHP_SELF' => '/foodago/frontend/web/index.php'
    'REQUEST_TIME_FLOAT' => 1499778172.816
    'REQUEST_TIME' => 1499778172
]
2017-07-11 15:03:17 [::1][-][cpro4bb1uv04mafnbvgsr6nbmo][error][yii\web\HttpException:404] yii\base\InvalidRouteException: Unable to resolve the request: site/trackorder in C:\Users\Danya B\Documents\GitHub\TENTREP-Foodago\Application\foodago\vendor\yiisoft\yii2\base\Controller.php:125
Stack trace:
#0 C:\Users\Danya B\Documents\GitHub\TENTREP-Foodago\Application\foodago\vendor\yiisoft\yii2\base\Module.php(454): yii\base\Controller->runAction('trackorder', Array)
#1 C:\Users\Danya B\Documents\GitHub\TENTREP-Foodago\Application\foodago\vendor\yiisoft\yii2\web\Application.php(84): yii\base\Module->runAction('site/trackorder', Array)
#2 C:\Users\Danya B\Documents\GitHub\TENTREP-Foodago\Application\foodago\vendor\yiisoft\yii2\base\Application.php(375): yii\web\Application->handleRequest(Object(yii\web\Request))
#3 C:\Users\Danya B\Documents\GitHub\TENTREP-Foodago\Application\foodago\frontend\web\index.php(18): yii\base\Application->run()
#4 {main}

Next yii\web\NotFoundHttpException: Page not found. in C:\Users\Danya B\Documents\GitHub\TENTREP-Foodago\Application\foodago\vendor\yiisoft\yii2\web\Application.php:96
Stack trace:
#0 C:\Users\Danya B\Documents\GitHub\TENTREP-Foodago\Application\foodago\vendor\yiisoft\yii2\base\Application.php(375): yii\web\Application->handleRequest(Object(yii\web\Request))
#1 C:\Users\Danya B\Documents\GitHub\TENTREP-Foodago\Application\foodago\frontend\web\index.php(18): yii\base\Application->run()
#2 {main}
2017-07-11 15:03:17 [::1][-][cpro4bb1uv04mafnbvgsr6nbmo][info][application] $_GET = [
    'r' => 'site/trackorder'
]

$_COOKIE = [
    'PHPSESSID' => 'cpro4bb1uv04mafnbvgsr6nbmo'
    '_csrf' => '7aed89ec1257614318f99b93c0239f3fc3bbe7d7f8eecf76268f456fdb384d0ca:2:{i:0;s:5:\"_csrf\";i:1;s:32:\"s4ivL3WEbDxWvg4x8oGHQMqRQqXnLFzK\";}'
]

$_SESSION = [
    '__flash' => []
]

$_SERVER = [
    'MIBDIRS' => 'C:/xampp/php/extras/mibs'
    'MYSQL_HOME' => '\\xampp\\mysql\\bin'
    'OPENSSL_CONF' => 'C:/xampp/apache/bin/openssl.cnf'
    'PHP_PEAR_SYSCONF_DIR' => '\\xampp\\php'
    'PHPRC' => '\\xampp\\php'
    'TMP' => '\\xampp\\tmp'
    'HTTP_HOST' => 'localhost'
    'HTTP_CONNECTION' => 'keep-alive'
    'HTTP_CACHE_CONTROL' => 'max-age=0'
    'HTTP_UPGRADE_INSECURE_REQUESTS' => '1'
    'HTTP_USER_AGENT' => 'Mozilla/5.0 (Windows NT 6.3; Win64; x64) AppleWebKit/537.36 (KHTML, like Gecko) Chrome/59.0.3071.115 Safari/537.36'
    'HTTP_ACCEPT' => 'text/html,application/xhtml+xml,application/xml;q=0.9,image/webp,image/apng,*/*;q=0.8'
    'HTTP_REFERER' => 'http://localhost/foodago/frontend/web/index.php?r=site%2Findex'
    'HTTP_ACCEPT_ENCODING' => 'gzip, deflate, br'
    'HTTP_ACCEPT_LANGUAGE' => 'en-US,en;q=0.8'
    'HTTP_COOKIE' => 'PHPSESSID=cpro4bb1uv04mafnbvgsr6nbmo; _csrf=7aed89ec1257614318f99b93c0239f3fc3bbe7d7f8eecf76268f456fdb384d0ca%3A2%3A%7Bi%3A0%3Bs%3A5%3A%22_csrf%22%3Bi%3A1%3Bs%3A32%3A%22s4ivL3WEbDxWvg4x8oGHQMqRQqXnLFzK%22%3B%7D'
    'PATH' => 'C:\\Program Files (x86)\\Intel\\iCLS Client\\;C:\\Program Files\\Intel\\iCLS Client\\;C:\\WINDOWS\\system32;C:\\WINDOWS;C:\\WINDOWS\\System32\\Wbem;C:\\WINDOWS\\System32\\WindowsPowerShell\\v1.0\\;C:\\Program Files\\Intel\\Intel(R) Management Engine Components\\DAL;C:\\Program Files\\Intel\\Intel(R) Management Engine Components\\IPT;C:\\Program Files (x86)\\Intel\\Intel(R) Management Engine Components\\DAL;C:\\Program Files (x86)\\Intel\\Intel(R) Management Engine Components\\IPT;C:\\Program Files\\Intel\\WiFi\\bin\\;C:\\Program Files\\Common Files\\Intel\\WirelessCommon\\;C:\\xampp\\php;C:\\ProgramData\\ComposerSetup\\bin;C:\\Users\\Danya B\\AppData\\Roaming\\Composer\\vendor\\bin'
    'SystemRoot' => 'C:\\WINDOWS'
    'COMSPEC' => 'C:\\WINDOWS\\system32\\cmd.exe'
    'PATHEXT' => '.COM;.EXE;.BAT;.CMD;.VBS;.VBE;.JS;.JSE;.WSF;.WSH;.MSC'
    'WINDIR' => 'C:\\WINDOWS'
    'SERVER_SIGNATURE' => '<address>Apache/2.4.25 (Win32) OpenSSL/1.0.2j PHP/7.1.4 Server at localhost Port 80</address>
'
    'SERVER_SOFTWARE' => 'Apache/2.4.25 (Win32) OpenSSL/1.0.2j PHP/7.1.4'
    'SERVER_NAME' => 'localhost'
    'SERVER_ADDR' => '::1'
    'SERVER_PORT' => '80'
    'REMOTE_ADDR' => '::1'
    'DOCUMENT_ROOT' => 'C:/xampp/htdocs'
    'REQUEST_SCHEME' => 'http'
    'CONTEXT_PREFIX' => ''
    'CONTEXT_DOCUMENT_ROOT' => 'C:/xampp/htdocs'
    'SERVER_ADMIN' => 'postmaster@localhost'
    'SCRIPT_FILENAME' => 'C:/xampp/htdocs/foodago/frontend/web/index.php'
    'REMOTE_PORT' => '50977'
    'GATEWAY_INTERFACE' => 'CGI/1.1'
    'SERVER_PROTOCOL' => 'HTTP/1.1'
    'REQUEST_METHOD' => 'GET'
    'QUERY_STRING' => 'r=site%2Ftrackorder'
    'REQUEST_URI' => '/foodago/frontend/web/index.php?r=site%2Ftrackorder'
    'SCRIPT_NAME' => '/foodago/frontend/web/index.php'
    'PHP_SELF' => '/foodago/frontend/web/index.php'
    'REQUEST_TIME_FLOAT' => 1499778197.529
    'REQUEST_TIME' => 1499778197
]
2017-07-11 16:40:11 [::1][-][-][error][ParseError] ParseError: syntax error, unexpected ')', expecting '(' in C:\Users\Danya B\Documents\GitHub\TENTREP-Foodago\Application\foodago\frontend\controllers\SiteController.php:159
Stack trace:
#0 [internal function]: yii\BaseYii::autoload('frontend\\contro...')
#1 [internal function]: spl_autoload_call('frontend\\contro...')
#2 C:\Users\Danya B\Documents\GitHub\TENTREP-Foodago\Application\foodago\vendor\yiisoft\yii2\base\Module.php(562): class_exists('frontend\\contro...')
#3 C:\Users\Danya B\Documents\GitHub\TENTREP-Foodago\Application\foodago\vendor\yiisoft\yii2\base\Module.php(520): yii\base\Module->createControllerByID('site')
#4 C:\Users\Danya B\Documents\GitHub\TENTREP-Foodago\Application\foodago\vendor\yiisoft\yii2\base\Module.php(448): yii\base\Module->createController('order')
#5 C:\Users\Danya B\Documents\GitHub\TENTREP-Foodago\Application\foodago\vendor\yiisoft\yii2\web\Application.php(84): yii\base\Module->runAction('site/order', Array)
#6 C:\Users\Danya B\Documents\GitHub\TENTREP-Foodago\Application\foodago\vendor\yiisoft\yii2\base\Application.php(375): yii\web\Application->handleRequest(Object(yii\web\Request))
#7 C:\Users\Danya B\Documents\GitHub\TENTREP-Foodago\Application\foodago\frontend\web\index.php(18): yii\base\Application->run()
#8 {main}
2017-07-11 16:40:10 [::1][-][-][info][application] $_GET = [
    'r' => 'site/order'
]

$_COOKIE = [
    'PHPSESSID' => 'cpro4bb1uv04mafnbvgsr6nbmo'
    '_csrf' => '7aed89ec1257614318f99b93c0239f3fc3bbe7d7f8eecf76268f456fdb384d0ca:2:{i:0;s:5:\"_csrf\";i:1;s:32:\"s4ivL3WEbDxWvg4x8oGHQMqRQqXnLFzK\";}'
]

$_SERVER = [
    'MIBDIRS' => 'C:/xampp/php/extras/mibs'
    'MYSQL_HOME' => '\\xampp\\mysql\\bin'
    'OPENSSL_CONF' => 'C:/xampp/apache/bin/openssl.cnf'
    'PHP_PEAR_SYSCONF_DIR' => '\\xampp\\php'
    'PHPRC' => '\\xampp\\php'
    'TMP' => '\\xampp\\tmp'
    'HTTP_HOST' => 'localhost'
    'HTTP_CONNECTION' => 'keep-alive'
    'HTTP_UPGRADE_INSECURE_REQUESTS' => '1'
    'HTTP_USER_AGENT' => 'Mozilla/5.0 (Windows NT 6.3; Win64; x64) AppleWebKit/537.36 (KHTML, like Gecko) Chrome/59.0.3071.115 Safari/537.36'
    'HTTP_ACCEPT' => 'text/html,application/xhtml+xml,application/xml;q=0.9,image/webp,image/apng,*/*;q=0.8'
    'HTTP_ACCEPT_ENCODING' => 'gzip, deflate, br'
    'HTTP_ACCEPT_LANGUAGE' => 'en-US,en;q=0.8'
    'HTTP_COOKIE' => 'PHPSESSID=cpro4bb1uv04mafnbvgsr6nbmo; _csrf=7aed89ec1257614318f99b93c0239f3fc3bbe7d7f8eecf76268f456fdb384d0ca%3A2%3A%7Bi%3A0%3Bs%3A5%3A%22_csrf%22%3Bi%3A1%3Bs%3A32%3A%22s4ivL3WEbDxWvg4x8oGHQMqRQqXnLFzK%22%3B%7D'
    'PATH' => 'C:\\Program Files (x86)\\Intel\\iCLS Client\\;C:\\Program Files\\Intel\\iCLS Client\\;C:\\WINDOWS\\system32;C:\\WINDOWS;C:\\WINDOWS\\System32\\Wbem;C:\\WINDOWS\\System32\\WindowsPowerShell\\v1.0\\;C:\\Program Files\\Intel\\Intel(R) Management Engine Components\\DAL;C:\\Program Files\\Intel\\Intel(R) Management Engine Components\\IPT;C:\\Program Files (x86)\\Intel\\Intel(R) Management Engine Components\\DAL;C:\\Program Files (x86)\\Intel\\Intel(R) Management Engine Components\\IPT;C:\\Program Files\\Intel\\WiFi\\bin\\;C:\\Program Files\\Common Files\\Intel\\WirelessCommon\\;C:\\xampp\\php;C:\\ProgramData\\ComposerSetup\\bin;C:\\Users\\Danya B\\AppData\\Roaming\\Composer\\vendor\\bin'
    'SystemRoot' => 'C:\\WINDOWS'
    'COMSPEC' => 'C:\\WINDOWS\\system32\\cmd.exe'
    'PATHEXT' => '.COM;.EXE;.BAT;.CMD;.VBS;.VBE;.JS;.JSE;.WSF;.WSH;.MSC'
    'WINDIR' => 'C:\\WINDOWS'
    'SERVER_SIGNATURE' => '<address>Apache/2.4.25 (Win32) OpenSSL/1.0.2j PHP/7.1.4 Server at localhost Port 80</address>
'
    'SERVER_SOFTWARE' => 'Apache/2.4.25 (Win32) OpenSSL/1.0.2j PHP/7.1.4'
    'SERVER_NAME' => 'localhost'
    'SERVER_ADDR' => '::1'
    'SERVER_PORT' => '80'
    'REMOTE_ADDR' => '::1'
    'DOCUMENT_ROOT' => 'C:/xampp/htdocs'
    'REQUEST_SCHEME' => 'http'
    'CONTEXT_PREFIX' => ''
    'CONTEXT_DOCUMENT_ROOT' => 'C:/xampp/htdocs'
    'SERVER_ADMIN' => 'postmaster@localhost'
    'SCRIPT_FILENAME' => 'C:/xampp/htdocs/foodago/frontend/web/index.php'
    'REMOTE_PORT' => '53444'
    'GATEWAY_INTERFACE' => 'CGI/1.1'
    'SERVER_PROTOCOL' => 'HTTP/1.1'
    'REQUEST_METHOD' => 'GET'
    'QUERY_STRING' => 'r=site%2Forder'
    'REQUEST_URI' => '/foodago/frontend/web/index.php?r=site%2Forder'
    'SCRIPT_NAME' => '/foodago/frontend/web/index.php'
    'PHP_SELF' => '/foodago/frontend/web/index.php'
    'REQUEST_TIME_FLOAT' => 1499784010.903
    'REQUEST_TIME' => 1499784010
]
2017-07-11 16:40:26 [::1][-][-][error][ParseError] ParseError: syntax error, unexpected '(' in C:\Users\Danya B\Documents\GitHub\TENTREP-Foodago\Application\foodago\frontend\controllers\SiteController.php:159
Stack trace:
#0 [internal function]: yii\BaseYii::autoload('frontend\\contro...')
#1 [internal function]: spl_autoload_call('frontend\\contro...')
#2 C:\Users\Danya B\Documents\GitHub\TENTREP-Foodago\Application\foodago\vendor\yiisoft\yii2\base\Module.php(562): class_exists('frontend\\contro...')
#3 C:\Users\Danya B\Documents\GitHub\TENTREP-Foodago\Application\foodago\vendor\yiisoft\yii2\base\Module.php(520): yii\base\Module->createControllerByID('site')
#4 C:\Users\Danya B\Documents\GitHub\TENTREP-Foodago\Application\foodago\vendor\yiisoft\yii2\base\Module.php(448): yii\base\Module->createController('order')
#5 C:\Users\Danya B\Documents\GitHub\TENTREP-Foodago\Application\foodago\vendor\yiisoft\yii2\web\Application.php(84): yii\base\Module->runAction('site/order', Array)
#6 C:\Users\Danya B\Documents\GitHub\TENTREP-Foodago\Application\foodago\vendor\yiisoft\yii2\base\Application.php(375): yii\web\Application->handleRequest(Object(yii\web\Request))
#7 C:\Users\Danya B\Documents\GitHub\TENTREP-Foodago\Application\foodago\frontend\web\index.php(18): yii\base\Application->run()
#8 {main}
2017-07-11 16:40:26 [::1][-][-][info][application] $_GET = [
    'r' => 'site/order'
]

$_COOKIE = [
    'PHPSESSID' => 'cpro4bb1uv04mafnbvgsr6nbmo'
    '_csrf' => '7aed89ec1257614318f99b93c0239f3fc3bbe7d7f8eecf76268f456fdb384d0ca:2:{i:0;s:5:\"_csrf\";i:1;s:32:\"s4ivL3WEbDxWvg4x8oGHQMqRQqXnLFzK\";}'
]

$_SERVER = [
    'MIBDIRS' => 'C:/xampp/php/extras/mibs'
    'MYSQL_HOME' => '\\xampp\\mysql\\bin'
    'OPENSSL_CONF' => 'C:/xampp/apache/bin/openssl.cnf'
    'PHP_PEAR_SYSCONF_DIR' => '\\xampp\\php'
    'PHPRC' => '\\xampp\\php'
    'TMP' => '\\xampp\\tmp'
    'HTTP_HOST' => 'localhost'
    'HTTP_CONNECTION' => 'keep-alive'
    'HTTP_CACHE_CONTROL' => 'max-age=0'
    'HTTP_UPGRADE_INSECURE_REQUESTS' => '1'
    'HTTP_USER_AGENT' => 'Mozilla/5.0 (Windows NT 6.3; Win64; x64) AppleWebKit/537.36 (KHTML, like Gecko) Chrome/59.0.3071.115 Safari/537.36'
    'HTTP_ACCEPT' => 'text/html,application/xhtml+xml,application/xml;q=0.9,image/webp,image/apng,*/*;q=0.8'
    'HTTP_ACCEPT_ENCODING' => 'gzip, deflate, br'
    'HTTP_ACCEPT_LANGUAGE' => 'en-US,en;q=0.8'
    'HTTP_COOKIE' => 'PHPSESSID=cpro4bb1uv04mafnbvgsr6nbmo; _csrf=7aed89ec1257614318f99b93c0239f3fc3bbe7d7f8eecf76268f456fdb384d0ca%3A2%3A%7Bi%3A0%3Bs%3A5%3A%22_csrf%22%3Bi%3A1%3Bs%3A32%3A%22s4ivL3WEbDxWvg4x8oGHQMqRQqXnLFzK%22%3B%7D'
    'PATH' => 'C:\\Program Files (x86)\\Intel\\iCLS Client\\;C:\\Program Files\\Intel\\iCLS Client\\;C:\\WINDOWS\\system32;C:\\WINDOWS;C:\\WINDOWS\\System32\\Wbem;C:\\WINDOWS\\System32\\WindowsPowerShell\\v1.0\\;C:\\Program Files\\Intel\\Intel(R) Management Engine Components\\DAL;C:\\Program Files\\Intel\\Intel(R) Management Engine Components\\IPT;C:\\Program Files (x86)\\Intel\\Intel(R) Management Engine Components\\DAL;C:\\Program Files (x86)\\Intel\\Intel(R) Management Engine Components\\IPT;C:\\Program Files\\Intel\\WiFi\\bin\\;C:\\Program Files\\Common Files\\Intel\\WirelessCommon\\;C:\\xampp\\php;C:\\ProgramData\\ComposerSetup\\bin;C:\\Users\\Danya B\\AppData\\Roaming\\Composer\\vendor\\bin'
    'SystemRoot' => 'C:\\WINDOWS'
    'COMSPEC' => 'C:\\WINDOWS\\system32\\cmd.exe'
    'PATHEXT' => '.COM;.EXE;.BAT;.CMD;.VBS;.VBE;.JS;.JSE;.WSF;.WSH;.MSC'
    'WINDIR' => 'C:\\WINDOWS'
    'SERVER_SIGNATURE' => '<address>Apache/2.4.25 (Win32) OpenSSL/1.0.2j PHP/7.1.4 Server at localhost Port 80</address>
'
    'SERVER_SOFTWARE' => 'Apache/2.4.25 (Win32) OpenSSL/1.0.2j PHP/7.1.4'
    'SERVER_NAME' => 'localhost'
    'SERVER_ADDR' => '::1'
    'SERVER_PORT' => '80'
    'REMOTE_ADDR' => '::1'
    'DOCUMENT_ROOT' => 'C:/xampp/htdocs'
    'REQUEST_SCHEME' => 'http'
    'CONTEXT_PREFIX' => ''
    'CONTEXT_DOCUMENT_ROOT' => 'C:/xampp/htdocs'
    'SERVER_ADMIN' => 'postmaster@localhost'
    'SCRIPT_FILENAME' => 'C:/xampp/htdocs/foodago/frontend/web/index.php'
    'REMOTE_PORT' => '53452'
    'GATEWAY_INTERFACE' => 'CGI/1.1'
    'SERVER_PROTOCOL' => 'HTTP/1.1'
    'REQUEST_METHOD' => 'GET'
    'QUERY_STRING' => 'r=site%2Forder'
    'REQUEST_URI' => '/foodago/frontend/web/index.php?r=site%2Forder'
    'SCRIPT_NAME' => '/foodago/frontend/web/index.php'
    'PHP_SELF' => '/foodago/frontend/web/index.php'
    'REQUEST_TIME_FLOAT' => 1499784026.309
    'REQUEST_TIME' => 1499784026
]
2017-07-13 03:55:33 [::1][-][12o8g7dr5sllptdtntkg3b070t][error][yii\web\HttpException:404] yii\base\InvalidRouteException: Unable to resolve the request: site/order in C:\Users\Danya B\Documents\GitHub\TENTREP-Foodago\Application\foodago\vendor\yiisoft\yii2\base\Controller.php:125
Stack trace:
#0 C:\Users\Danya B\Documents\GitHub\TENTREP-Foodago\Application\foodago\vendor\yiisoft\yii2\base\Module.php(454): yii\base\Controller->runAction('order', Array)
#1 C:\Users\Danya B\Documents\GitHub\TENTREP-Foodago\Application\foodago\vendor\yiisoft\yii2\web\Application.php(84): yii\base\Module->runAction('site/order', Array)
#2 C:\Users\Danya B\Documents\GitHub\TENTREP-Foodago\Application\foodago\vendor\yiisoft\yii2\base\Application.php(375): yii\web\Application->handleRequest(Object(yii\web\Request))
#3 C:\Users\Danya B\Documents\GitHub\TENTREP-Foodago\Application\foodago\frontend\web\index.php(18): yii\base\Application->run()
#4 {main}

Next yii\web\NotFoundHttpException: Page not found. in C:\Users\Danya B\Documents\GitHub\TENTREP-Foodago\Application\foodago\vendor\yiisoft\yii2\web\Application.php:96
Stack trace:
#0 C:\Users\Danya B\Documents\GitHub\TENTREP-Foodago\Application\foodago\vendor\yiisoft\yii2\base\Application.php(375): yii\web\Application->handleRequest(Object(yii\web\Request))
#1 C:\Users\Danya B\Documents\GitHub\TENTREP-Foodago\Application\foodago\frontend\web\index.php(18): yii\base\Application->run()
#2 {main}
2017-07-13 03:55:33 [::1][-][12o8g7dr5sllptdtntkg3b070t][info][application] $_GET = [
    'r' => 'site/order'
]

$_COOKIE = [
    'PHPSESSID' => '12o8g7dr5sllptdtntkg3b070t'
    '_csrf' => 'cc133fd4ce09bebca844ebfdf2246f0bda5f35226b23760b2dd8b39f46a7a91da:2:{i:0;s:5:\"_csrf\";i:1;s:32:\"sLUoJCnFfpE1TxnJTnb1L1CDnmuDorGw\";}'
]

$_SESSION = [
    '__flash' => []
]

$_SERVER = [
    'MIBDIRS' => 'C:/xampp/php/extras/mibs'
    'MYSQL_HOME' => '\\xampp\\mysql\\bin'
    'OPENSSL_CONF' => 'C:/xampp/apache/bin/openssl.cnf'
    'PHP_PEAR_SYSCONF_DIR' => '\\xampp\\php'
    'PHPRC' => '\\xampp\\php'
    'TMP' => '\\xampp\\tmp'
    'HTTP_HOST' => 'localhost'
    'HTTP_CONNECTION' => 'keep-alive'
    'HTTP_CACHE_CONTROL' => 'max-age=0'
    'HTTP_UPGRADE_INSECURE_REQUESTS' => '1'
    'HTTP_USER_AGENT' => 'Mozilla/5.0 (Windows NT 6.3; Win64; x64) AppleWebKit/537.36 (KHTML, like Gecko) Chrome/59.0.3071.115 Safari/537.36'
    'HTTP_ACCEPT' => 'text/html,application/xhtml+xml,application/xml;q=0.9,image/webp,image/apng,*/*;q=0.8'
    'HTTP_ACCEPT_ENCODING' => 'gzip, deflate, br'
    'HTTP_ACCEPT_LANGUAGE' => 'en-US,en;q=0.8'
    'HTTP_COOKIE' => 'PHPSESSID=12o8g7dr5sllptdtntkg3b070t; _csrf=cc133fd4ce09bebca844ebfdf2246f0bda5f35226b23760b2dd8b39f46a7a91da%3A2%3A%7Bi%3A0%3Bs%3A5%3A%22_csrf%22%3Bi%3A1%3Bs%3A32%3A%22sLUoJCnFfpE1TxnJTnb1L1CDnmuDorGw%22%3B%7D'
    'PATH' => 'C:\\Program Files (x86)\\Intel\\iCLS Client\\;C:\\Program Files\\Intel\\iCLS Client\\;C:\\WINDOWS\\system32;C:\\WINDOWS;C:\\WINDOWS\\System32\\Wbem;C:\\WINDOWS\\System32\\WindowsPowerShell\\v1.0\\;C:\\Program Files\\Intel\\Intel(R) Management Engine Components\\DAL;C:\\Program Files\\Intel\\Intel(R) Management Engine Components\\IPT;C:\\Program Files (x86)\\Intel\\Intel(R) Management Engine Components\\DAL;C:\\Program Files (x86)\\Intel\\Intel(R) Management Engine Components\\IPT;C:\\Program Files\\Intel\\WiFi\\bin\\;C:\\Program Files\\Common Files\\Intel\\WirelessCommon\\;C:\\xampp\\php;C:\\ProgramData\\ComposerSetup\\bin;C:\\Users\\Danya B\\AppData\\Roaming\\Composer\\vendor\\bin'
    'SystemRoot' => 'C:\\WINDOWS'
    'COMSPEC' => 'C:\\WINDOWS\\system32\\cmd.exe'
    'PATHEXT' => '.COM;.EXE;.BAT;.CMD;.VBS;.VBE;.JS;.JSE;.WSF;.WSH;.MSC'
    'WINDIR' => 'C:\\WINDOWS'
    'SERVER_SIGNATURE' => '<address>Apache/2.4.25 (Win32) OpenSSL/1.0.2j PHP/7.1.4 Server at localhost Port 80</address>
'
    'SERVER_SOFTWARE' => 'Apache/2.4.25 (Win32) OpenSSL/1.0.2j PHP/7.1.4'
    'SERVER_NAME' => 'localhost'
    'SERVER_ADDR' => '::1'
    'SERVER_PORT' => '80'
    'REMOTE_ADDR' => '::1'
    'DOCUMENT_ROOT' => 'C:/xampp/htdocs'
    'REQUEST_SCHEME' => 'http'
    'CONTEXT_PREFIX' => ''
    'CONTEXT_DOCUMENT_ROOT' => 'C:/xampp/htdocs'
    'SERVER_ADMIN' => 'postmaster@localhost'
    'SCRIPT_FILENAME' => 'C:/xampp/htdocs/foodago/frontend/web/index.php'
    'REMOTE_PORT' => '49809'
    'GATEWAY_INTERFACE' => 'CGI/1.1'
    'SERVER_PROTOCOL' => 'HTTP/1.1'
    'REQUEST_METHOD' => 'GET'
    'QUERY_STRING' => 'r=site%2Forder'
    'REQUEST_URI' => '/foodago/frontend/web/index.php?r=site%2Forder'
    'SCRIPT_NAME' => '/foodago/frontend/web/index.php'
    'PHP_SELF' => '/foodago/frontend/web/index.php'
    'REQUEST_TIME_FLOAT' => 1499910933.221
    'REQUEST_TIME' => 1499910933
]
